<?xml version="1.0" encoding="UTF-8"?>
<testng-results ignored="0" total="1" passed="1" failed="0" skipped="0">
  <reporter-output>
  </reporter-output>
  <suite started-at="2021-09-17T23:51:18 PDT" name="Default suite" finished-at="2021-09-17T23:51:42 PDT" duration-ms="23288">
    <groups>
      <group name="cucumber">
        <method signature="AbstractTestNGCucumberTests.feature(cucumber.api.testng.CucumberFeatureWrapper)[pri:0, instance:testrunnerAMFB.TestRunnerAMFB@49dc7102]" name="feature" class="cucumber.api.testng.AbstractTestNGCucumberTests"/>
      </group> <!-- cucumber -->
    </groups>
    <test started-at="2021-09-17T23:51:18 PDT" name="Default test" finished-at="2021-09-17T23:51:42 PDT" duration-ms="23288">
      <class name="testrunnerAMFB.TestRunnerAMFB">
        <test-method is-config="true" signature="setUpClass()[pri:0, instance:testrunnerAMFB.TestRunnerAMFB@49dc7102]" started-at="2021-09-17T23:51:18 PDT" name="setUpClass" finished-at="2021-09-17T23:51:19 PDT" duration-ms="386" status="PASS">
          <reporter-output>
          </reporter-output>
        </test-method> <!-- setUpClass -->
        <test-method signature="feature(cucumber.api.testng.CucumberFeatureWrapper)[pri:0, instance:testrunnerAMFB.TestRunnerAMFB@49dc7102]" started-at="2021-09-17T23:51:19 PDT" name="feature" description="Runs Cucumber Feature" data-provider="features" finished-at="2021-09-17T23:51:42 PDT" duration-ms="22700" status="PASS">
          <params>
            <param index="0">
              <value>
                <![CDATA[Multiple browser open and check accessability]]>
              </value>
            </param>
          </params>
          <reporter-output>
          </reporter-output>
        </test-method> <!-- feature -->
        <test-method is-config="true" signature="tearDownClass()[pri:0, instance:testrunnerAMFB.TestRunnerAMFB@49dc7102]" started-at="2021-09-17T23:51:42 PDT" name="tearDownClass" finished-at="2021-09-17T23:51:42 PDT" duration-ms="22" status="PASS">
          <reporter-output>
          </reporter-output>
        </test-method> <!-- tearDownClass -->
      </class> <!-- testrunnerAMFB.TestRunnerAMFB -->
    </test> <!-- Default test -->
  </suite> <!-- Default suite -->
</testng-results>
